2025-12-15 19:36:19,200 - PaintFormulationAI - INFO - ==================================================
2025-12-15 19:36:19,201 - PaintFormulationAI - INFO - Paint Formulation AI başlatılıyor...
2025-12-15 19:36:19,201 - PaintFormulationAI - INFO - Sürüm: 1.1.0-offline
2025-12-15 19:36:19,201 - PaintFormulationAI - INFO - ==================================================
2025-12-15 19:36:19,202 - app.offline_utils - INFO - Dizin oluşturuldu: C:\Users\ayana\OneDrive\Desktop\local çalışabilen ML\exports
2025-12-15 19:36:19,202 - PaintFormulationAI - INFO - Veritabanı başlatılıyor: C:\Users\ayana\OneDrive\Desktop\local çalışabilen ML\data_storage\db.sqlite
2025-12-15 19:36:19,220 - src.data_handlers.local_db_manager - INFO - Veritabanı tabloları başarıyla oluşturuldu
2025-12-15 19:36:19,242 - PaintFormulationAI - INFO - İnternet bağlantısı mevcut - Hibrit mod aktif
2025-12-15 19:36:19,243 - PaintFormulationAI - INFO - Kullanıcı arayüzü başlatılıyor...
2025-12-15 19:37:36,759 - src.data_handlers.local_db_manager - INFO - Proje oluşturuldu: bosch (ID: 1)
2025-12-15 19:38:16,282 - src.data_handlers.file_system_manager - INFO - Excel okundu: C:/Users/ayana/Downloads/subazlı/ar/klimasan.xlsx (33 satır)
2025-12-15 19:38:21,855 - src.data_handlers.local_db_manager - WARNING - Satır import hatası: database is locked
2025-12-15 19:38:27,406 - src.data_handlers.local_db_manager - WARNING - Satır import hatası: database is locked
2025-12-15 19:38:32,961 - src.data_handlers.local_db_manager - WARNING - Satır import hatası: database is locked
2025-12-15 19:38:38,525 - src.data_handlers.local_db_manager - WARNING - Satır import hatası: database is locked
2025-12-15 19:38:44,009 - src.data_handlers.local_db_manager - WARNING - Satır import hatası: database is locked
2025-12-15 19:38:49,490 - src.data_handlers.local_db_manager - WARNING - Satır import hatası: database is locked
2025-12-15 19:38:54,886 - src.data_handlers.local_db_manager - WARNING - Satır import hatası: database is locked
2025-12-15 19:39:00,267 - src.data_handlers.local_db_manager - WARNING - Satır import hatası: database is locked
2025-12-15 19:39:05,759 - src.data_handlers.local_db_manager - WARNING - Satır import hatası: database is locked
2025-12-15 19:39:11,214 - src.data_handlers.local_db_manager - WARNING - Satır import hatası: database is locked
2025-12-15 19:39:16,606 - src.data_handlers.local_db_manager - WARNING - Satır import hatası: database is locked
2025-12-15 19:39:22,069 - src.data_handlers.local_db_manager - WARNING - Satır import hatası: database is locked
2025-12-15 19:39:27,540 - src.data_handlers.local_db_manager - WARNING - Satır import hatası: database is locked
2025-12-15 19:39:32,946 - src.data_handlers.local_db_manager - WARNING - Satır import hatası: database is locked
2025-12-15 19:39:38,418 - src.data_handlers.local_db_manager - WARNING - Satır import hatası: database is locked
2025-12-15 19:39:43,822 - src.data_handlers.local_db_manager - WARNING - Satır import hatası: database is locked
2025-12-15 19:39:49,338 - src.data_handlers.local_db_manager - WARNING - Satır import hatası: database is locked
2025-12-15 19:39:54,781 - src.data_handlers.local_db_manager - WARNING - Satır import hatası: database is locked
2025-12-15 19:40:00,241 - src.data_handlers.local_db_manager - WARNING - Satır import hatası: database is locked
2025-12-15 19:40:05,691 - src.data_handlers.local_db_manager - WARNING - Satır import hatası: database is locked
2025-12-15 19:40:11,099 - src.data_handlers.local_db_manager - WARNING - Satır import hatası: database is locked
2025-12-15 19:40:16,559 - src.data_handlers.local_db_manager - WARNING - Satır import hatası: database is locked
2025-12-15 19:40:22,071 - src.data_handlers.local_db_manager - WARNING - Satır import hatası: database is locked
2025-12-15 19:40:27,455 - src.data_handlers.local_db_manager - WARNING - Satır import hatası: database is locked
2025-12-15 19:40:32,886 - src.data_handlers.local_db_manager - WARNING - Satır import hatası: database is locked
2025-12-15 19:40:38,326 - src.data_handlers.local_db_manager - WARNING - Satır import hatası: database is locked
2025-12-15 19:40:43,852 - src.data_handlers.local_db_manager - WARNING - Satır import hatası: database is locked
2025-12-15 19:40:49,442 - src.data_handlers.local_db_manager - WARNING - Satır import hatası: database is locked
2025-12-15 19:40:55,045 - src.data_handlers.local_db_manager - WARNING - Satır import hatası: database is locked
2025-12-15 19:41:00,527 - src.data_handlers.local_db_manager - WARNING - Satır import hatası: database is locked
2025-12-15 19:41:06,134 - src.data_handlers.local_db_manager - WARNING - Satır import hatası: database is locked
2025-12-15 19:41:11,636 - src.data_handlers.local_db_manager - WARNING - Satır import hatası: database is locked
2025-12-15 19:41:17,067 - src.data_handlers.local_db_manager - WARNING - Satır import hatası: database is locked
2025-12-15 19:41:17,067 - src.data_handlers.local_db_manager - INFO - 0 kayıt içe aktarıldı
2025-12-15 19:41:36,335 - src.data_handlers.local_db_manager - INFO - Deneme kaydedildi: Formülasyon ID 1
2025-12-15 19:41:38,729 - src.ml_engine.router - INFO - Online API kullanılıyor
2025-12-15 19:41:38,889 - src.ml_engine.api_client - ERROR - URL Hatası: [Errno 11001] getaddrinfo failed
2025-12-15 19:41:38,889 - src.ml_engine.api_client - ERROR - API isteği başarısız: Bağlantı hatası: [Errno 11001] getaddrinfo failed
2025-12-15 19:41:38,889 - src.ml_engine.router - ERROR - API hatası: Bağlantı hatası: [Errno 11001] getaddrinfo failed, lokal moda düşülüyor
2025-12-15 19:41:38,889 - src.ml_engine.router - INFO - Lokal ML modeli kullanılıyor
2025-12-15 19:42:43,690 - PaintFormulationAI - INFO - ==================================================
2025-12-15 19:42:43,690 - PaintFormulationAI - INFO - Paint Formulation AI başlatılıyor...
2025-12-15 19:42:43,690 - PaintFormulationAI - INFO - Sürüm: 1.1.0-offline
2025-12-15 19:42:43,690 - PaintFormulationAI - INFO - ==================================================
2025-12-15 19:42:43,690 - PaintFormulationAI - INFO - Veritabanı başlatılıyor: C:\Users\ayana\OneDrive\Desktop\local çalışabilen ML\data_storage\db.sqlite
2025-12-15 19:42:43,691 - src.data_handlers.local_db_manager - INFO - Veritabanı tabloları başarıyla oluşturuldu
2025-12-15 19:42:43,733 - PaintFormulationAI - INFO - İnternet bağlantısı mevcut - Hibrit mod aktif
2025-12-15 19:42:43,733 - PaintFormulationAI - INFO - Kullanıcı arayüzü başlatılıyor...
2025-12-15 19:43:12,597 - PaintFormulationAI - INFO - Uygulama kapatılıyor...
2025-12-15 19:43:15,678 - PaintFormulationAI - INFO - Uygulama kapatılıyor...
2025-12-15 19:54:52,116 - PaintFormulationAI - INFO - ==================================================
2025-12-15 19:54:52,116 - PaintFormulationAI - INFO - Paint Formulation AI başlatılıyor...
2025-12-15 19:54:52,117 - PaintFormulationAI - INFO - Sürüm: 1.1.0-offline
2025-12-15 19:54:52,117 - PaintFormulationAI - INFO - ==================================================
2025-12-15 19:54:52,117 - PaintFormulationAI - INFO - Veritabanı başlatılıyor: C:\Users\ayana\OneDrive\Desktop\local çalışabilen ML\data_storage\db.sqlite
2025-12-15 19:54:52,124 - src.data_handlers.local_db_manager - INFO - Veritabanı tabloları başarıyla oluşturuldu
2025-12-15 19:54:52,149 - PaintFormulationAI - INFO - İnternet bağlantısı mevcut - Hibrit mod aktif
2025-12-15 19:54:52,149 - PaintFormulationAI - INFO - Kullanıcı arayüzü başlatılıyor...
2025-12-15 19:55:13,539 - src.ml_engine.router - INFO - Lokal ML modeli kullanılıyor
2025-12-15 20:02:07,818 - PaintFormulationAI - INFO - Uygulama kapatılıyor...
2025-12-15 20:02:38,738 - PaintFormulationAI - INFO - ==================================================
2025-12-15 20:02:38,739 - PaintFormulationAI - INFO - Paint Formulation AI başlatılıyor...
2025-12-15 20:02:38,739 - PaintFormulationAI - INFO - Sürüm: 1.1.0-offline
2025-12-15 20:02:38,739 - PaintFormulationAI - INFO - ==================================================
2025-12-15 20:02:38,739 - PaintFormulationAI - INFO - Veritabanı başlatılıyor: C:\Users\ayana\OneDrive\Desktop\local çalışabilen ML\data_storage\db.sqlite
2025-12-15 20:02:38,740 - src.data_handlers.local_db_manager - INFO - Veritabanı tabloları başarıyla oluşturuldu
2025-12-15 20:02:38,784 - PaintFormulationAI - INFO - İnternet bağlantısı mevcut - Hibrit mod aktif
2025-12-15 20:02:38,784 - PaintFormulationAI - INFO - Kullanıcı arayüzü başlatılıyor...
2025-12-15 20:05:28,145 - PaintFormulationAI - INFO - ==================================================
2025-12-15 20:05:28,145 - PaintFormulationAI - INFO - Paint Formulation AI başlatılıyor...
2025-12-15 20:05:28,145 - PaintFormulationAI - INFO - Sürüm: 1.1.0-offline
2025-12-15 20:05:28,145 - PaintFormulationAI - INFO - ==================================================
2025-12-15 20:05:28,145 - PaintFormulationAI - INFO - Veritabanı başlatılıyor: C:\Users\ayana\OneDrive\Desktop\local çalışabilen ML\data_storage\db.sqlite
2025-12-15 20:05:28,146 - src.data_handlers.local_db_manager - INFO - Veritabanı tabloları başarıyla oluşturuldu
2025-12-15 20:05:28,186 - PaintFormulationAI - INFO - İnternet bağlantısı mevcut - Hibrit mod aktif
2025-12-15 20:05:28,186 - PaintFormulationAI - INFO - Kullanıcı arayüzü başlatılıyor...
2025-12-15 20:05:35,246 - PaintFormulationAI - INFO - Uygulama kapatılıyor...
2025-12-15 20:11:24,755 - PaintFormulationAI - INFO - Uygulama kapatılıyor...
2025-12-15 20:11:25,510 - PaintFormulationAI - INFO - ==================================================
2025-12-15 20:11:25,510 - PaintFormulationAI - INFO - Paint Formulation AI başlatılıyor...
2025-12-15 20:11:25,510 - PaintFormulationAI - INFO - Sürüm: 1.1.0-offline
2025-12-15 20:11:25,510 - PaintFormulationAI - INFO - ==================================================
2025-12-15 20:11:25,510 - PaintFormulationAI - INFO - Veritabanı başlatılıyor: C:\Users\ayana\OneDrive\Desktop\local çalışabilen ML\data_storage\db.sqlite
2025-12-15 20:11:25,511 - src.data_handlers.local_db_manager - INFO - Veritabanı tabloları başarıyla oluşturuldu
2025-12-15 20:11:25,533 - PaintFormulationAI - INFO - İnternet bağlantısı mevcut - Hibrit mod aktif
2025-12-15 20:11:25,533 - PaintFormulationAI - INFO - Kullanıcı arayüzü başlatılıyor...
2025-12-15 20:11:26,019 - PaintFormulationAI - ERROR - Kritik hata: bad anchor "right": must be n, ne, e, se, s, sw, w, nw, or center
Traceback (most recent call last):
  File "C:\Users\ayana\OneDrive\Desktop\local çalışabilen ML\app\main.py", line 131, in main
    app = PaintFormulationApp(
        config=config,
    ...<2 lines>...
        app_dir=APP_DIR
    )
  File "C:\Users\ayana\OneDrive\Desktop\local çalışabilen ML\app\ui_components.py", line 424, in __init__
    self._create_ui()
    ~~~~~~~~~~~~~~~^^
  File "C:\Users\ayana\OneDrive\Desktop\local çalışabilen ML\app\ui_components.py", line 519, in _create_ui
    self.formulation_editor = FormulationEditorPanel(
                              ~~~~~~~~~~~~~~~~~~~~~~^
        editor_tab,
        ^^^^^^^^^^^
        self._on_save_formulation,
        ^^^^^^^^^^^^^^^^^^^^^^^^^^
        self._on_calculate_formulation
        ^^^^^^^^^^^^^^^^^^^^^^^^^^^^^^
    )
    ^
  File "C:\Users\ayana\OneDrive\Desktop\local çalışabilen ML\app\formulation_editor.py", line 64, in __init__
    self.tree.column('solid_amount', width=100, anchor='right')
    ~~~~~~~~~~~~~~~~^^^^^^^^^^^^^^^^^^^^^^^^^^^^^^^^^^^^^^^^^^^
  File "C:\Users\ayana\AppData\Local\Python\pythoncore-3.14-64\Lib\tkinter\ttk.py", line 1227, in column
    return _val_or_dict(self.tk, kw, self._w, "column", column)
  File "C:\Users\ayana\AppData\Local\Python\pythoncore-3.14-64\Lib\tkinter\ttk.py", line 288, in _val_or_dict
    res = tk.call(*(args + options))
_tkinter.TclError: bad anchor "right": must be n, ne, e, se, s, sw, w, nw, or center
2025-12-15 20:11:26,021 - PaintFormulationAI - INFO - Uygulama kapatılıyor...
2025-12-15 20:11:51,220 - PaintFormulationAI - INFO - ==================================================
2025-12-15 20:11:51,220 - PaintFormulationAI - INFO - Paint Formulation AI başlatılıyor...
2025-12-15 20:11:51,220 - PaintFormulationAI - INFO - Sürüm: 1.1.0-offline
2025-12-15 20:11:51,221 - PaintFormulationAI - INFO - ==================================================
2025-12-15 20:11:51,221 - PaintFormulationAI - INFO - Veritabanı başlatılıyor: C:\Users\ayana\OneDrive\Desktop\local çalışabilen ML\data_storage\db.sqlite
2025-12-15 20:11:51,222 - src.data_handlers.local_db_manager - INFO - Veritabanı tabloları başarıyla oluşturuldu
2025-12-15 20:11:51,260 - PaintFormulationAI - INFO - İnternet bağlantısı mevcut - Hibrit mod aktif
2025-12-15 20:11:51,260 - PaintFormulationAI - INFO - Kullanıcı arayüzü başlatılıyor...
2025-12-15 20:18:08,977 - PaintFormulationAI - INFO - Uygulama kapatılıyor...
2025-12-15 20:21:17,825 - PaintFormulationAI - INFO - ==================================================
2025-12-15 20:21:17,826 - PaintFormulationAI - INFO - Paint Formulation AI başlatılıyor...
2025-12-15 20:21:17,826 - PaintFormulationAI - INFO - Sürüm: 1.1.0-offline
2025-12-15 20:21:17,826 - PaintFormulationAI - INFO - ==================================================
2025-12-15 20:21:17,826 - PaintFormulationAI - INFO - Veritabanı başlatılıyor: C:\Users\ayana\OneDrive\Desktop\local çalışabilen ML\data_storage\db.sqlite
2025-12-15 20:21:17,827 - src.data_handlers.local_db_manager - INFO - Veritabanı tabloları başarıyla oluşturuldu
2025-12-15 20:21:17,869 - PaintFormulationAI - INFO - İnternet bağlantısı mevcut - Hibrit mod aktif
2025-12-15 20:21:17,869 - PaintFormulationAI - INFO - Kullanıcı arayüzü başlatılıyor...
2025-12-15 20:24:38,973 - PaintFormulationAI - INFO - ==================================================
2025-12-15 20:24:38,973 - PaintFormulationAI - INFO - Paint Formulation AI başlatılıyor...
2025-12-15 20:24:38,973 - PaintFormulationAI - INFO - Sürüm: 1.1.0-offline
2025-12-15 20:24:38,973 - PaintFormulationAI - INFO - ==================================================
2025-12-15 20:24:38,973 - PaintFormulationAI - INFO - Veritabanı başlatılıyor: C:\Users\ayana\OneDrive\Desktop\local çalışabilen ML\data_storage\db.sqlite
2025-12-15 20:24:38,974 - src.data_handlers.local_db_manager - INFO - Veritabanı tabloları başarıyla oluşturuldu
2025-12-15 20:24:38,999 - PaintFormulationAI - INFO - İnternet bağlantısı mevcut - Hibrit mod aktif
2025-12-15 20:24:38,999 - PaintFormulationAI - INFO - Kullanıcı arayüzü başlatılıyor...
2025-12-15 20:25:19,739 - PaintFormulationAI - INFO - Uygulama kapatılıyor...
2025-12-15 20:28:21,660 - PaintFormulationAI - INFO - Uygulama kapatılıyor...
2025-12-15 20:32:06,582 - PaintFormulationAI - INFO - ==================================================
2025-12-15 20:32:06,582 - PaintFormulationAI - INFO - Paint Formulation AI başlatılıyor...
2025-12-15 20:32:06,582 - PaintFormulationAI - INFO - Sürüm: 1.1.0-offline
2025-12-15 20:32:06,582 - PaintFormulationAI - INFO - ==================================================
2025-12-15 20:32:06,582 - PaintFormulationAI - INFO - Veritabanı başlatılıyor: C:\Users\ayana\OneDrive\Desktop\local çalışabilen ML\data_storage\db.sqlite
2025-12-15 20:32:06,583 - src.data_handlers.local_db_manager - INFO - Veritabanı tabloları başarıyla oluşturuldu
2025-12-15 20:32:06,621 - PaintFormulationAI - INFO - İnternet bağlantısı mevcut - Hibrit mod aktif
2025-12-15 20:32:06,621 - PaintFormulationAI - INFO - Kullanıcı arayüzü başlatılıyor...
2025-12-15 20:37:55,575 - PaintFormulationAI - INFO - ==================================================
2025-12-15 20:37:55,575 - PaintFormulationAI - INFO - Paint Formulation AI başlatılıyor...
2025-12-15 20:37:55,575 - PaintFormulationAI - INFO - Sürüm: 1.1.0-offline
2025-12-15 20:37:55,575 - PaintFormulationAI - INFO - ==================================================
2025-12-15 20:37:55,575 - PaintFormulationAI - INFO - Veritabanı başlatılıyor: C:\Users\ayana\OneDrive\Desktop\local çalışabilen ML\data_storage\db.sqlite
2025-12-15 20:37:55,577 - src.data_handlers.local_db_manager - INFO - Veritabanı tabloları başarıyla oluşturuldu
2025-12-15 20:37:55,597 - PaintFormulationAI - INFO - İnternet bağlantısı mevcut - Hibrit mod aktif
2025-12-15 20:37:55,597 - PaintFormulationAI - INFO - Kullanıcı arayüzü başlatılıyor...
2025-12-15 20:37:59,425 - PaintFormulationAI - INFO - Uygulama kapatılıyor...
2025-12-15 20:46:09,299 - PaintFormulationAI - INFO - ==================================================
2025-12-15 20:46:09,299 - PaintFormulationAI - INFO - Paint Formulation AI başlatılıyor...
2025-12-15 20:46:09,299 - PaintFormulationAI - INFO - Sürüm: 1.1.0-offline
2025-12-15 20:46:09,299 - PaintFormulationAI - INFO - ==================================================
2025-12-15 20:46:09,299 - PaintFormulationAI - INFO - Veritabanı başlatılıyor: C:\Users\ayana\OneDrive\Desktop\local çalışabilen ML\data_storage\db.sqlite
2025-12-15 20:46:09,300 - src.data_handlers.local_db_manager - INFO - Veritabanı tabloları başarıyla oluşturuldu
2025-12-15 20:46:09,330 - PaintFormulationAI - INFO - İnternet bağlantısı mevcut - Hibrit mod aktif
2025-12-15 20:46:09,330 - PaintFormulationAI - INFO - Kullanıcı arayüzü başlatılıyor...
2025-12-15 20:52:24,779 - src.data_handlers.file_system_manager - ERROR - Excel yazma hatası: 'str' object has no attribute 'keys'
2025-12-15 20:52:35,252 - src.data_handlers.file_system_manager - ERROR - Excel yazma hatası: 'str' object has no attribute 'keys'
2025-12-15 20:53:45,852 - src.data_handlers.file_system_manager - INFO - Excel okundu: C:/Users/ayana/Downloads/subazlı/ar/TRAFO AKITMA SON KAT.xlsx (32 satır)
2025-12-15 20:53:59,590 - PaintFormulationAI - INFO - Uygulama kapatılıyor...
2025-12-15 20:54:02,134 - PaintFormulationAI - INFO - Uygulama kapatılıyor...
2025-12-15 20:55:11,109 - PaintFormulationAI - INFO - ==================================================
2025-12-15 20:55:11,109 - PaintFormulationAI - INFO - Paint Formulation AI başlatılıyor...
2025-12-15 20:55:11,110 - PaintFormulationAI - INFO - Sürüm: 1.1.0-offline
2025-12-15 20:55:11,110 - PaintFormulationAI - INFO - ==================================================
2025-12-15 20:55:11,110 - PaintFormulationAI - INFO - Veritabanı başlatılıyor: C:\Users\ayana\OneDrive\Desktop\local çalışabilen ML\data_storage\db.sqlite
2025-12-15 20:55:11,111 - src.data_handlers.local_db_manager - INFO - Veritabanı tabloları başarıyla oluşturuldu
2025-12-15 20:55:11,131 - PaintFormulationAI - INFO - İnternet bağlantısı mevcut - Hibrit mod aktif
2025-12-15 20:55:11,131 - PaintFormulationAI - INFO - Kullanıcı arayüzü başlatılıyor...
2025-12-15 20:58:06,619 - src.data_handlers.file_system_manager - INFO - Excel okundu: C:/Users/ayana/OneDrive/Desktop/he.xlsx (14 satır)
2025-12-15 20:58:24,401 - src.data_handlers.file_system_manager - INFO - Excel yazıldı: C:/Users/ayana/OneDrive/Desktop/11.xlsx
2025-12-15 20:58:39,740 - PaintFormulationAI - INFO - Uygulama kapatılıyor...
2025-12-15 21:00:48,899 - PaintFormulationAI - INFO - ==================================================
2025-12-15 21:00:48,899 - PaintFormulationAI - INFO - Paint Formulation AI başlatılıyor...
2025-12-15 21:00:48,899 - PaintFormulationAI - INFO - Sürüm: 1.1.0-offline
2025-12-15 21:00:48,900 - PaintFormulationAI - INFO - ==================================================
2025-12-15 21:00:48,900 - PaintFormulationAI - INFO - Veritabanı başlatılıyor: C:\Users\ayana\OneDrive\Desktop\local çalışabilen ML\data_storage\db.sqlite
2025-12-15 21:00:48,901 - src.data_handlers.local_db_manager - INFO - Veritabanı tabloları başarıyla oluşturuldu
2025-12-15 21:00:48,937 - PaintFormulationAI - INFO - İnternet bağlantısı mevcut - Hibrit mod aktif
2025-12-15 21:00:48,938 - PaintFormulationAI - INFO - Kullanıcı arayüzü başlatılıyor...
2025-12-15 21:01:17,520 - src.data_handlers.file_system_manager - INFO - Excel okundu: C:/Users/ayana/OneDrive/Desktop/he.xlsx (14 satır)
2025-12-15 21:01:27,657 - src.data_handlers.file_system_manager - WARNING - Yazılacak veri yok
2025-12-15 21:02:05,471 - src.data_handlers.file_system_manager - WARNING - Yazılacak veri yok
2025-12-15 21:02:15,868 - src.data_handlers.file_system_manager - INFO - Excel yazıldı: C:/Users/ayana/OneDrive/Desktop/1.xlsx
2025-12-15 21:03:49,258 - src.data_handlers.file_system_manager - INFO - Excel okundu: C:/Users/ayana/OneDrive/Desktop/1.xlsx (14 satır)
2025-12-15 21:10:53,421 - PaintFormulationAI - INFO - ==================================================
2025-12-15 21:10:53,421 - PaintFormulationAI - INFO - Paint Formulation AI başlatılıyor...
2025-12-15 21:10:53,421 - PaintFormulationAI - INFO - Sürüm: 1.1.0-offline
2025-12-15 21:10:53,421 - PaintFormulationAI - INFO - ==================================================
2025-12-15 21:10:53,421 - PaintFormulationAI - INFO - Veritabanı başlatılıyor: C:\Users\ayana\OneDrive\Desktop\local çalışabilen ML\data_storage\db.sqlite
2025-12-15 21:10:53,422 - src.data_handlers.local_db_manager - INFO - Veritabanı tabloları başarıyla oluşturuldu
2025-12-15 21:10:53,445 - PaintFormulationAI - INFO - İnternet bağlantısı mevcut - Hibrit mod aktif
2025-12-15 21:10:53,445 - PaintFormulationAI - INFO - Kullanıcı arayüzü başlatılıyor...
2025-12-15 21:12:35,865 - src.data_handlers.file_system_manager - INFO - Excel okundu: C:/Users/ayana/OneDrive/Desktop/1.xlsx (14 satır)
2025-12-15 21:14:04,465 - PaintFormulationAI - INFO - Uygulama kapatılıyor...
2025-12-15 21:14:09,269 - PaintFormulationAI - INFO - Uygulama kapatılıyor...
2025-12-15 21:20:46,975 - PaintFormulationAI - INFO - ==================================================
2025-12-15 21:20:46,975 - PaintFormulationAI - INFO - Paint Formulation AI başlatılıyor...
2025-12-15 21:20:46,975 - PaintFormulationAI - INFO - Sürüm: 1.1.0-offline
2025-12-15 21:20:46,975 - PaintFormulationAI - INFO - ==================================================
2025-12-15 21:20:46,975 - PaintFormulationAI - INFO - Veritabanı başlatılıyor: C:\Users\ayana\OneDrive\Desktop\local çalışabilen ML\data_storage\db.sqlite
2025-12-15 21:20:46,977 - src.data_handlers.local_db_manager - INFO - Veritabanı tabloları başarıyla oluşturuldu
2025-12-15 21:20:47,018 - PaintFormulationAI - INFO - İnternet bağlantısı mevcut - Hibrit mod aktif
2025-12-15 21:20:47,018 - PaintFormulationAI - INFO - Kullanıcı arayüzü başlatılıyor...
2025-12-15 21:25:35,749 - src.data_handlers.local_db_manager - INFO - Deneme kaydedildi: Formülasyon ID None
2025-12-15 21:25:39,842 - src.data_handlers.local_db_manager - INFO - Deneme kaydedildi: Formülasyon ID None
2025-12-15 21:25:44,228 - src.data_handlers.local_db_manager - INFO - Deneme kaydedildi: Formülasyon ID None
2025-12-15 21:28:14,254 - PaintFormulationAI - INFO - ==================================================
2025-12-15 21:28:14,254 - PaintFormulationAI - INFO - Paint Formulation AI başlatılıyor...
2025-12-15 21:28:14,254 - PaintFormulationAI - INFO - Sürüm: 1.1.0-offline
2025-12-15 21:28:14,254 - PaintFormulationAI - INFO - ==================================================
2025-12-15 21:28:14,254 - PaintFormulationAI - INFO - Veritabanı başlatılıyor: C:\Users\ayana\OneDrive\Desktop\local çalışabilen ML\data_storage\db.sqlite
2025-12-15 21:28:14,259 - src.data_handlers.local_db_manager - INFO - Sütun eklendi: trials.quality_score
2025-12-15 21:28:14,262 - src.data_handlers.local_db_manager - INFO - Sütun eklendi: trials.total_cost
2025-12-15 21:28:14,265 - src.data_handlers.local_db_manager - INFO - Sütun eklendi: trials.corrosion_resistance
2025-12-15 21:28:14,267 - src.data_handlers.local_db_manager - INFO - Sütun eklendi: trials.adhesion
2025-12-15 21:28:14,270 - src.data_handlers.local_db_manager - INFO - Sütun eklendi: trials.hardness
2025-12-15 21:28:14,274 - src.data_handlers.local_db_manager - INFO - Sütun eklendi: trials.flexibility
2025-12-15 21:28:14,277 - src.data_handlers.local_db_manager - INFO - Sütun eklendi: trials.chemical_resistance
2025-12-15 21:28:14,279 - src.data_handlers.local_db_manager - INFO - Sütun eklendi: trials.uv_resistance
2025-12-15 21:28:14,282 - src.data_handlers.local_db_manager - INFO - Sütun eklendi: trials.abrasion_resistance
2025-12-15 21:28:14,285 - src.data_handlers.local_db_manager - INFO - Sütun eklendi: trials.scratch_resistance
2025-12-15 21:28:14,288 - src.data_handlers.local_db_manager - INFO - Sütun eklendi: trials.coating_thickness
2025-12-15 21:28:14,291 - src.data_handlers.local_db_manager - INFO - Sütun eklendi: trials.drying_time
2025-12-15 21:28:14,294 - src.data_handlers.local_db_manager - INFO - Sütun eklendi: trials.application_method
2025-12-15 21:28:14,296 - src.data_handlers.local_db_manager - INFO - Sütun eklendi: trials.substrate_type
2025-12-15 21:28:14,297 - src.data_handlers.local_db_manager - INFO - Veritabanı tabloları başarıyla oluşturuldu
2025-12-15 21:28:14,324 - PaintFormulationAI - INFO - İnternet bağlantısı mevcut - Hibrit mod aktif
2025-12-15 21:28:14,324 - PaintFormulationAI - INFO - Kullanıcı arayüzü başlatılıyor...
2025-12-15 21:29:56,120 - PaintFormulationAI - INFO - Uygulama kapatılıyor...
2025-12-15 21:34:53,381 - PaintFormulationAI - INFO - ==================================================
2025-12-15 21:34:53,381 - PaintFormulationAI - INFO - Paint Formulation AI başlatılıyor...
2025-12-15 21:34:53,381 - PaintFormulationAI - INFO - Sürüm: 1.1.0-offline
2025-12-15 21:34:53,381 - PaintFormulationAI - INFO - ==================================================
2025-12-15 21:34:53,382 - PaintFormulationAI - INFO - Veritabanı başlatılıyor: C:\Users\ayana\OneDrive\Desktop\local çalışabilen ML\data_storage\db.sqlite
2025-12-15 21:34:53,383 - src.data_handlers.local_db_manager - INFO - Veritabanı tabloları başarıyla oluşturuldu
2025-12-15 21:34:53,426 - PaintFormulationAI - INFO - İnternet bağlantısı mevcut - Hibrit mod aktif
2025-12-15 21:34:53,426 - PaintFormulationAI - INFO - Kullanıcı arayüzü başlatılıyor...
2025-12-15 21:36:37,761 - PaintFormulationAI - INFO - Uygulama kapatılıyor...
2025-12-15 21:37:56,418 - src.data_handlers.local_db_manager - INFO - Deneme kaydedildi: Formülasyon ID None, 13 sütun
2025-12-15 21:38:11,015 - src.data_handlers.local_db_manager - INFO - Deneme kaydedildi: Formülasyon ID None, 13 sütun
2025-12-15 21:38:40,661 - src.data_handlers.local_db_manager - INFO - Deneme kaydedildi: Formülasyon ID None, 13 sütun
2025-12-15 21:39:53,847 - PaintFormulationAI - INFO - Uygulama kapatılıyor...
2025-12-15 21:41:52,139 - PaintFormulationAI - INFO - ==================================================
2025-12-15 21:41:52,139 - PaintFormulationAI - INFO - Paint Formulation AI başlatılıyor...
2025-12-15 21:41:52,139 - PaintFormulationAI - INFO - Sürüm: 1.1.0-offline
2025-12-15 21:41:52,139 - PaintFormulationAI - INFO - ==================================================
2025-12-15 21:41:52,139 - PaintFormulationAI - INFO - Veritabanı başlatılıyor: C:\Users\ayana\OneDrive\Desktop\local çalışabilen ML\data_storage\db.sqlite
2025-12-15 21:41:52,140 - src.data_handlers.local_db_manager - INFO - Veritabanı tabloları başarıyla oluşturuldu
2025-12-15 21:41:52,160 - PaintFormulationAI - INFO - İnternet bağlantısı mevcut - Hibrit mod aktif
2025-12-15 21:41:52,160 - PaintFormulationAI - INFO - Kullanıcı arayüzü başlatılıyor...
2025-12-15 21:46:06,286 - PaintFormulationAI - INFO - Uygulama kapatılıyor...
2025-12-15 21:52:18,532 - PaintFormulationAI - INFO - ==================================================
2025-12-15 21:52:18,532 - PaintFormulationAI - INFO - Paint Formulation AI başlatılıyor...
2025-12-15 21:52:18,532 - PaintFormulationAI - INFO - Sürüm: 1.1.0-offline
2025-12-15 21:52:18,532 - PaintFormulationAI - INFO - ==================================================
2025-12-15 21:52:18,532 - PaintFormulationAI - INFO - Veritabanı başlatılıyor: C:\Users\ayana\OneDrive\Desktop\local çalışabilen ML\data_storage\db.sqlite
2025-12-15 21:52:18,534 - src.data_handlers.local_db_manager - INFO - Veritabanı tabloları başarıyla oluşturuldu
2025-12-15 21:52:18,579 - PaintFormulationAI - INFO - İnternet bağlantısı mevcut - Hibrit mod aktif
2025-12-15 21:52:18,580 - PaintFormulationAI - INFO - Kullanıcı arayüzü başlatılıyor...
2025-12-15 21:53:27,487 - PaintFormulationAI - INFO - Uygulama kapatılıyor...
